app/build/intermediates/manifest_merge_blame_file/debug/manifest-merger-blame-debug-report.txt
1<?xml version="1.0" encoding="utf-8"?>
2<manifest xmlns:android="http://schemas.android.com/apk/res/android"
3    package="com.eman.challenge"
4    android:versionCode="1"
5    android:versionName="1.0" >
6
7    <uses-sdk
8        android:minSdkVersion="21"
8-->src\main\AndroidManifest.xml
9        android:targetSdkVersion="30" />
9-->src\main\AndroidManifest.xml
10
11    <uses-permission android:name="android.permission.ACCESS_NETWORK_STATE" />
11-->src\main\AndroidManifest.xml:5:5-79
11-->src\main\AndroidManifest.xml:5:22-76
12    <uses-permission android:name="android.permission.INTERNET" />
12-->src\main\AndroidManifest.xml:6:5-67
12-->src\main\AndroidManifest.xml:6:22-64
13    <uses-permission android:name="android.permission.WRITE_EXTERNAL_STORAGE" />
14    <uses-permission android:name="android.permission.READ_PHONE_STATE" />
15    <uses-permission android:name="android.permission.READ_EXTERNAL_STORAGE" />
16
17    <application
17-->src\main\AndroidManifest.xml:8:5-27:19
18        android:name="com.eman.challenge.App"
18-->src\main\AndroidManifest.xml:9:9-28
19        android:allowBackup="true"
19-->src\main\AndroidManifest.xml:10:9-35
20        android:appComponentFactory="androidx.core.app.CoreComponentFactory"
20-->[androidx.core:core:1.3.2] AndroidManifest.xml:24:18-86
21        android:debuggable="true"
22        android:icon="@mipmap/ic_launcher"
22-->src\main\AndroidManifest.xml:11:9-43
23        android:label="@string/app_name"
23-->src\main\AndroidManifest.xml:12:9-41
24        android:roundIcon="@mipmap/ic_launcher_round"
24-->src\main\AndroidManifest.xml:13:9-54
25        android:supportsRtl="true"
25-->src\main\AndroidManifest.xml:14:9-35
26        android:testOnly="true"
27        android:theme="@style/AppTheme" >
27-->src\main\AndroidManifest.xml:15:9-40
28        <activity android:name="com.eman.challenge.presentation.ui.SplashActivity" >
28-->src\main\AndroidManifest.xml:16:9-22:20
28-->src\main\AndroidManifest.xml:16:19-65
29            <intent-filter>
29-->src\main\AndroidManifest.xml:17:13-21:29
30                <action android:name="android.intent.action.MAIN" />
30-->src\main\AndroidManifest.xml:18:17-69
30-->src\main\AndroidManifest.xml:18:25-66
31
32                <category android:name="android.intent.category.LAUNCHER" />
32-->src\main\AndroidManifest.xml:20:17-77
32-->src\main\AndroidManifest.xml:20:27-74
33            </intent-filter>
34        </activity>
35        <activity android:name="com.eman.challenge.presentation.ui.detail.DetailsActivity" />
35-->src\main\AndroidManifest.xml:23:9-76
35-->src\main\AndroidManifest.xml:23:19-73
36        <activity
36-->src\main\AndroidManifest.xml:24:9-26:66
37            android:name="com.eman.challenge.presentation.ui.main.MainActivity"
37-->src\main\AndroidManifest.xml:25:13-62
38            android:windowSoftInputMode="stateHidden|adjustPan" />
38-->src\main\AndroidManifest.xml:26:13-64
39
40        <provider
40-->[androidx.lifecycle:lifecycle-process:2.0.0] AndroidManifest.xml:23:9-27:43
41            android:name="androidx.lifecycle.ProcessLifecycleOwnerInitializer"
41-->[androidx.lifecycle:lifecycle-process:2.0.0] AndroidManifest.xml:24:13-79
42            android:authorities="com.eman.challenge.lifecycle-process"
42-->[androidx.lifecycle:lifecycle-process:2.0.0] AndroidManifest.xml:25:13-69
43            android:exported="false"
43-->[androidx.lifecycle:lifecycle-process:2.0.0] AndroidManifest.xml:26:13-37
44            android:multiprocess="true" />
44-->[androidx.lifecycle:lifecycle-process:2.0.0] AndroidManifest.xml:27:13-40
45    </application>
46
47</manifest>